This file contains any messages produced by compilers while
running configure, to aid debugging if configure makes a mistake.

It was created by DOMjudge configure 3.1.3, which was
generated by GNU Autoconf 2.61.  Invocation command line was

  $ ./configure --prefix=/home/domjudge-run//domjudge --enable-runuser=domjudge-run

## --------- ##
## Platform. ##
## --------- ##

hostname = domjudge1
uname -m = x86_64
uname -r = 2.6.32-5-amd64
uname -s = Linux
uname -v = #1 SMP Wed Jan 12 03:40:32 UTC 2011

/usr/bin/uname -p = unknown
/bin/uname -X     = unknown

/bin/arch              = unknown
/usr/bin/arch -k       = unknown
/usr/convex/getsysinfo = unknown
/usr/bin/hostinfo      = unknown
/bin/machine           = unknown
/usr/bin/oslevel       = unknown
/bin/universe          = unknown

PATH: /usr/local/sbin
PATH: /usr/local/bin
PATH: /usr/sbin
PATH: /usr/bin
PATH: /sbin
PATH: /bin
PATH: /usr/X11R6/bin


## ----------- ##
## Core tests. ##
## ----------- ##

configure:1845: checking whether configure should try to set CFLAGS
configure:1849: result: yes
configure:1845: checking whether configure should try to set CXXFLAGS
configure:1849: result: yes
configure:1845: checking whether configure should try to set LDFLAGS
configure:1849: result: yes
configure:1904: checking for gcc
configure:1920: found /usr/bin/gcc
configure:1931: result: gcc
configure:2169: checking for C compiler version
configure:2176: gcc --version >&5
gcc (Debian 4.4.5-8) 4.4.5
Copyright (C) 2010 Free Software Foundation, Inc.
This is free software; see the source for copying conditions.  There is NO
warranty; not even for MERCHANTABILITY or FITNESS FOR A PARTICULAR PURPOSE.

configure:2179: $? = 0
configure:2186: gcc -v >&5
Using built-in specs.
Target: x86_64-linux-gnu
Configured with: ../src/configure -v --with-pkgversion='Debian 4.4.5-8' --with-bugurl=file:///usr/share/doc/gcc-4.4/README.Bugs --enable-languages=c,c++,fortran,objc,obj-c++ --prefix=/usr --program-suffix=-4.4 --enable-shared --enable-multiarch --enable-linker-build-id --with-system-zlib --libexecdir=/usr/lib --without-included-gettext --enable-threads=posix --with-gxx-include-dir=/usr/include/c++/4.4 --libdir=/usr/lib --enable-nls --enable-clocale=gnu --enable-libstdcxx-debug --enable-objc-gc --with-arch-32=i586 --with-tune=generic --enable-checking=release --build=x86_64-linux-gnu --host=x86_64-linux-gnu --target=x86_64-linux-gnu
Thread model: posix
gcc version 4.4.5 (Debian 4.4.5-8) 
configure:2189: $? = 0
configure:2196: gcc -V >&5
gcc: '-V' option must have argument
configure:2199: $? = 1
configure:2222: checking for C compiler default output file name
configure:2249: gcc    conftest.c  >&5
configure:2252: $? = 0
configure:2290: result: a.out
configure:2307: checking whether the C compiler works
configure:2317: ./a.out
configure:2320: $? = 0
configure:2337: result: yes
configure:2344: checking whether we are cross compiling
configure:2346: result: no
configure:2349: checking for suffix of executables
configure:2356: gcc -o conftest    conftest.c  >&5
configure:2359: $? = 0
configure:2383: result: 
configure:2389: checking for suffix of object files
configure:2415: gcc -c   conftest.c >&5
configure:2418: $? = 0
configure:2441: result: o
configure:2445: checking whether we are using the GNU C compiler
configure:2474: gcc -c   conftest.c >&5
configure:2480: $? = 0
configure:2497: result: yes
configure:2502: checking whether gcc accepts -g
configure:2532: gcc -c -g  conftest.c >&5
configure:2538: $? = 0
configure:2637: result: yes
configure:2654: checking for gcc option to accept ISO C89
configure:2728: gcc  -c -g -O2  conftest.c >&5
configure:2734: $? = 0
configure:2757: result: none needed
configure:2776: checking whether C compiler accepts -Wall
configure:2805: gcc -c -Wall  conftest.c >&5
configure:2811: $? = 0
configure:2829: result: yes
configure:2837: checking whether C compiler accepts -fstack-protector
configure:2866: gcc -c -fstack-protector  conftest.c >&5
configure:2872: $? = 0
configure:2890: result: yes
configure:2898: checking whether C compiler accepts -fPIE
configure:2927: gcc -c -fPIE  conftest.c >&5
configure:2933: $? = 0
configure:2951: result: yes
configure:2988: checking submitclient
configure:2994: result: enabled (http)
configure:3032: checking domjudge-user
configure:3044: result: root (default: current user)
configure:3053: checking webserver-group
configure:3065: result: www-data (default)
configure:3077: checking runuser
configure:3089: result: domjudge-run (default)
configure:3506: checking for g++
configure:3522: found /usr/bin/g++
configure:3533: result: g++
configure:3564: checking for C++ compiler version
configure:3571: g++ --version >&5
g++ (Debian 4.4.5-8) 4.4.5
Copyright (C) 2010 Free Software Foundation, Inc.
This is free software; see the source for copying conditions.  There is NO
warranty; not even for MERCHANTABILITY or FITNESS FOR A PARTICULAR PURPOSE.

configure:3574: $? = 0
configure:3581: g++ -v >&5
Using built-in specs.
Target: x86_64-linux-gnu
Configured with: ../src/configure -v --with-pkgversion='Debian 4.4.5-8' --with-bugurl=file:///usr/share/doc/gcc-4.4/README.Bugs --enable-languages=c,c++,fortran,objc,obj-c++ --prefix=/usr --program-suffix=-4.4 --enable-shared --enable-multiarch --enable-linker-build-id --with-system-zlib --libexecdir=/usr/lib --without-included-gettext --enable-threads=posix --with-gxx-include-dir=/usr/include/c++/4.4 --libdir=/usr/lib --enable-nls --enable-clocale=gnu --enable-libstdcxx-debug --enable-objc-gc --with-arch-32=i586 --with-tune=generic --enable-checking=release --build=x86_64-linux-gnu --host=x86_64-linux-gnu --target=x86_64-linux-gnu
Thread model: posix
gcc version 4.4.5 (Debian 4.4.5-8) 
configure:3584: $? = 0
configure:3591: g++ -V >&5
g++: '-V' option must have argument
configure:3594: $? = 1
configure:3597: checking whether we are using the GNU C++ compiler
configure:3626: g++ -c -g -O2 -Wall -fstack-protector -fPIE  conftest.cpp >&5
configure:3632: $? = 0
configure:3649: result: yes
configure:3654: checking whether g++ accepts -g
configure:3684: g++ -c -g  conftest.cpp >&5
configure:3690: $? = 0
configure:3789: result: yes
configure:3860: checking for gcc
configure:3887: result: gcc
configure:4125: checking for C compiler version
configure:4132: gcc --version >&5
gcc (Debian 4.4.5-8) 4.4.5
Copyright (C) 2010 Free Software Foundation, Inc.
This is free software; see the source for copying conditions.  There is NO
warranty; not even for MERCHANTABILITY or FITNESS FOR A PARTICULAR PURPOSE.

configure:4135: $? = 0
configure:4142: gcc -v >&5
Using built-in specs.
Target: x86_64-linux-gnu
Configured with: ../src/configure -v --with-pkgversion='Debian 4.4.5-8' --with-bugurl=file:///usr/share/doc/gcc-4.4/README.Bugs --enable-languages=c,c++,fortran,objc,obj-c++ --prefix=/usr --program-suffix=-4.4 --enable-shared --enable-multiarch --enable-linker-build-id --with-system-zlib --libexecdir=/usr/lib --without-included-gettext --enable-threads=posix --with-gxx-include-dir=/usr/include/c++/4.4 --libdir=/usr/lib --enable-nls --enable-clocale=gnu --enable-libstdcxx-debug --enable-objc-gc --with-arch-32=i586 --with-tune=generic --enable-checking=release --build=x86_64-linux-gnu --host=x86_64-linux-gnu --target=x86_64-linux-gnu
Thread model: posix
gcc version 4.4.5 (Debian 4.4.5-8) 
configure:4145: $? = 0
configure:4152: gcc -V >&5
gcc: '-V' option must have argument
configure:4155: $? = 1
configure:4158: checking whether we are using the GNU C compiler
configure:4210: result: yes
configure:4215: checking whether gcc accepts -g
configure:4350: result: yes
configure:4367: checking for gcc option to accept ISO C89
configure:4470: result: none needed
configure:4493: checking how to run the C preprocessor
configure:4533: gcc -E  conftest.c
configure:4539: $? = 0
configure:4570: gcc -E  conftest.c
conftest.c:9:28: error: ac_nonexistent.h: No such file or directory
configure:4576: $? = 1
configure: failed program was:
| /* confdefs.h.  */
| #define PACKAGE_NAME "DOMjudge"
| #define PACKAGE_TARNAME "domjudge"
| #define PACKAGE_VERSION "3.1.3"
| #define PACKAGE_STRING "DOMjudge 3.1.3"
| #define PACKAGE_BUGREPORT "domjudge-devel@lists.A-Eskwadraat.nl"
| #define DOMJUDGE_VERSION "3.1.3"
| /* end confdefs.h.  */
| #include <ac_nonexistent.h>
configure:4609: result: gcc -E
configure:4638: gcc -E  conftest.c
configure:4644: $? = 0
configure:4675: gcc -E  conftest.c
conftest.c:9:28: error: ac_nonexistent.h: No such file or directory
configure:4681: $? = 1
configure: failed program was:
| /* confdefs.h.  */
| #define PACKAGE_NAME "DOMjudge"
| #define PACKAGE_TARNAME "domjudge"
| #define PACKAGE_VERSION "3.1.3"
| #define PACKAGE_STRING "DOMjudge 3.1.3"
| #define PACKAGE_BUGREPORT "domjudge-devel@lists.A-Eskwadraat.nl"
| #define DOMJUDGE_VERSION "3.1.3"
| /* end confdefs.h.  */
| #include <ac_nonexistent.h>
configure:4719: checking whether ln -s works
configure:4723: result: yes
configure:4730: checking whether make sets $(MAKE)
configure:4751: result: yes
configure:4766: checking for htpasswd
configure:4782: found /usr/bin/htpasswd
configure:4793: result: htpasswd
configure:4807: checking for magic_open in -lmagic
configure:4842: gcc -o conftest -g -O2 -Wall -fstack-protector -fPIE   -pie conftest.c -lmagic   >&5
/usr/bin/ld: cannot find -lmagic
collect2: ld returned 1 exit status
configure:4848: $? = 1
configure: failed program was:
| /* confdefs.h.  */
| #define PACKAGE_NAME "DOMjudge"
| #define PACKAGE_TARNAME "domjudge"
| #define PACKAGE_VERSION "3.1.3"
| #define PACKAGE_STRING "DOMjudge 3.1.3"
| #define PACKAGE_BUGREPORT "domjudge-devel@lists.A-Eskwadraat.nl"
| #define DOMJUDGE_VERSION "3.1.3"
| /* end confdefs.h.  */
| 
| /* Override any GCC internal prototype to avoid an error.
|    Use char because int might match the return type of a GCC
|    builtin and then its argument prototype would still apply.  */
| #ifdef __cplusplus
| extern "C"
| #endif
| char magic_open ();
| int
| main ()
| {
| return magic_open ();
|   ;
|   return 0;
| }
configure:4866: result: no
configure:4875: checking for a sed that does not truncate output
configure:4954: result: /bin/sed
configure:4963: checking for gawk
configure:4993: result: no
configure:4963: checking for mawk
configure:4979: found /usr/bin/mawk
configure:4990: result: mawk
configure:5056: checking for curl-config
configure:5074: found /usr/bin/curl-config
configure:5086: result: /usr/bin/curl-config
configure:5144: checking for curl (7.21.0) >= 7.9.7
configure:5179: result: yes
configure:5220: checking for grep that handles long lines and -e
configure:5294: result: /bin/grep
configure:5299: checking for egrep
configure:5377: result: /bin/grep -E
configure:5382: checking for ANSI C header files
configure:5412: gcc -c -g -O2 -Wall -fstack-protector -fPIE   conftest.c >&5
configure:5418: $? = 0
configure:5517: gcc -o conftest -g -O2 -Wall -fstack-protector -fPIE    -pie conftest.c  >&5
configure:5520: $? = 0
configure:5526: ./conftest
configure:5529: $? = 0
configure:5546: result: yes
configure:5570: checking for sys/types.h
configure:5591: gcc -c -g -O2 -Wall -fstack-protector -fPIE   conftest.c >&5
configure:5597: $? = 0
configure:5613: result: yes
configure:5570: checking for sys/stat.h
configure:5591: gcc -c -g -O2 -Wall -fstack-protector -fPIE   conftest.c >&5
configure:5597: $? = 0
configure:5613: result: yes
configure:5570: checking for stdlib.h
configure:5591: gcc -c -g -O2 -Wall -fstack-protector -fPIE   conftest.c >&5
configure:5597: $? = 0
configure:5613: result: yes
configure:5570: checking for string.h
configure:5591: gcc -c -g -O2 -Wall -fstack-protector -fPIE   conftest.c >&5
configure:5597: $? = 0
configure:5613: result: yes
configure:5570: checking for memory.h
configure:5591: gcc -c -g -O2 -Wall -fstack-protector -fPIE   conftest.c >&5
configure:5597: $? = 0
configure:5613: result: yes
configure:5570: checking for strings.h
configure:5591: gcc -c -g -O2 -Wall -fstack-protector -fPIE   conftest.c >&5
configure:5597: $? = 0
configure:5613: result: yes
configure:5570: checking for inttypes.h
configure:5591: gcc -c -g -O2 -Wall -fstack-protector -fPIE   conftest.c >&5
configure:5597: $? = 0
configure:5613: result: yes
configure:5570: checking for stdint.h
configure:5591: gcc -c -g -O2 -Wall -fstack-protector -fPIE   conftest.c >&5
configure:5597: $? = 0
configure:5613: result: yes
configure:5570: checking for unistd.h
configure:5591: gcc -c -g -O2 -Wall -fstack-protector -fPIE   conftest.c >&5
configure:5597: $? = 0
configure:5613: result: yes
configure:5640: checking curl/curl.h usability
configure:5657: gcc -c -g -O2 -Wall -fstack-protector -fPIE   conftest.c >&5
configure:5663: $? = 0
configure:5677: result: yes
configure:5681: checking curl/curl.h presence
configure:5696: gcc -E   conftest.c
configure:5702: $? = 0
configure:5716: result: yes
configure:5749: checking for curl/curl.h
configure:5757: result: yes
configure:5873: checking for boostlib >= 1.33.1
configure:5951: g++ -c -g -O2 -Wall -fstack-protector -fPIE  -I/usr/include conftest.cpp >&5
configure:5957: $? = 0
configure:5963: result: yes
configure:6176: checking whether the Boost::Regex library is available
configure:6209: g++ -c -g -O2 -Wall -fstack-protector -fPIE  -I/usr/include conftest.cpp >&5
configure:6215: $? = 0
configure:6237: result: yes
configure:6250: checking for exit in -lboost_regex-mt
configure:6285: gcc -o conftest -g -O2 -Wall -fstack-protector -fPIE  -I/usr/include  -pie -L/usr/lib64 conftest.c -lboost_regex-mt   >&5
conftest.c:29: warning: conflicting types for built-in function 'exit'
configure:6291: $? = 0
configure:6310: result: yes
configure:6490: checking how to run the C++ preprocessor
configure:6526: g++ -E  conftest.cpp
configure:6532: $? = 0
configure:6563: g++ -E  conftest.cpp
conftest.cpp:22:28: error: ac_nonexistent.h: No such file or directory
configure:6569: $? = 1
configure: failed program was:
| /* confdefs.h.  */
| #define PACKAGE_NAME "DOMjudge"
| #define PACKAGE_TARNAME "domjudge"
| #define PACKAGE_VERSION "3.1.3"
| #define PACKAGE_STRING "DOMjudge 3.1.3"
| #define PACKAGE_BUGREPORT "domjudge-devel@lists.A-Eskwadraat.nl"
| #define DOMJUDGE_VERSION "3.1.3"
| #define STDC_HEADERS 1
| #define HAVE_SYS_TYPES_H 1
| #define HAVE_SYS_STAT_H 1
| #define HAVE_STDLIB_H 1
| #define HAVE_STRING_H 1
| #define HAVE_MEMORY_H 1
| #define HAVE_STRINGS_H 1
| #define HAVE_INTTYPES_H 1
| #define HAVE_STDINT_H 1
| #define HAVE_UNISTD_H 1
| #define HAVE_CURL_CURL_H 1
| #define HAVE_BOOST
| #define HAVE_BOOST_REGEX
| /* end confdefs.h.  */
| #include <ac_nonexistent.h>
configure:6602: result: g++ -E
configure:6631: g++ -E  conftest.cpp
configure:6637: $? = 0
configure:6668: g++ -E  conftest.cpp
conftest.cpp:22:28: error: ac_nonexistent.h: No such file or directory
configure:6674: $? = 1
configure: failed program was:
| /* confdefs.h.  */
| #define PACKAGE_NAME "DOMjudge"
| #define PACKAGE_TARNAME "domjudge"
| #define PACKAGE_VERSION "3.1.3"
| #define PACKAGE_STRING "DOMjudge 3.1.3"
| #define PACKAGE_BUGREPORT "domjudge-devel@lists.A-Eskwadraat.nl"
| #define DOMJUDGE_VERSION "3.1.3"
| #define STDC_HEADERS 1
| #define HAVE_SYS_TYPES_H 1
| #define HAVE_SYS_STAT_H 1
| #define HAVE_STDLIB_H 1
| #define HAVE_STRING_H 1
| #define HAVE_MEMORY_H 1
| #define HAVE_STRINGS_H 1
| #define HAVE_INTTYPES_H 1
| #define HAVE_STDINT_H 1
| #define HAVE_UNISTD_H 1
| #define HAVE_CURL_CURL_H 1
| #define HAVE_BOOST
| #define HAVE_BOOST_REGEX
| /* end confdefs.h.  */
| #include <ac_nonexistent.h>
configure:6727: checking gmpxx.h usability
configure:6744: g++ -c -g -O2 -Wall -fstack-protector -fPIE  conftest.cpp >&5
configure:6750: $? = 0
configure:6764: result: yes
configure:6768: checking gmpxx.h presence
configure:6783: g++ -E  conftest.cpp
configure:6789: $? = 0
configure:6803: result: yes
configure:6836: checking for gmpxx.h
configure:6844: result: yes
configure:6857: checking for abs in -lgmpxx
configure:6892: g++ -o conftest -g -O2 -Wall -fstack-protector -fPIE   -pie conftest.cpp -lgmpxx -lgmp  >&5
configure:6898: $? = 0
configure:6916: result: yes
configure:6931: checking for ANSI C header files
configure:7095: result: yes
configure:7105: checking for sys/wait.h that is POSIX.1 compatible
configure:7141: gcc -c -g -O2 -Wall -fstack-protector -fPIE  conftest.c >&5
configure:7147: $? = 0
configure:7162: result: yes
configure:7199: checking fcntl.h usability
configure:7216: gcc -c -g -O2 -Wall -fstack-protector -fPIE  conftest.c >&5
configure:7222: $? = 0
configure:7236: result: yes
configure:7240: checking fcntl.h presence
configure:7255: gcc -E  conftest.c
configure:7261: $? = 0
configure:7275: result: yes
configure:7308: checking for fcntl.h
configure:7316: result: yes
configure:7199: checking netdb.h usability
configure:7216: gcc -c -g -O2 -Wall -fstack-protector -fPIE  conftest.c >&5
configure:7222: $? = 0
configure:7236: result: yes
configure:7240: checking netdb.h presence
configure:7255: gcc -E  conftest.c
configure:7261: $? = 0
configure:7275: result: yes
configure:7308: checking for netdb.h
configure:7316: result: yes
configure:7199: checking netinet/in.h usability
configure:7216: gcc -c -g -O2 -Wall -fstack-protector -fPIE  conftest.c >&5
configure:7222: $? = 0
configure:7236: result: yes
configure:7240: checking netinet/in.h presence
configure:7255: gcc -E  conftest.c
configure:7261: $? = 0
configure:7275: result: yes
configure:7308: checking for netinet/in.h
configure:7316: result: yes
configure:7189: checking for stdlib.h
configure:7195: result: yes
configure:7189: checking for string.h
configure:7195: result: yes
configure:7199: checking sys/ioctl.h usability
configure:7216: gcc -c -g -O2 -Wall -fstack-protector -fPIE  conftest.c >&5
configure:7222: $? = 0
configure:7236: result: yes
configure:7240: checking sys/ioctl.h presence
configure:7255: gcc -E  conftest.c
configure:7261: $? = 0
configure:7275: result: yes
configure:7308: checking for sys/ioctl.h
configure:7316: result: yes
configure:7199: checking sys/param.h usability
configure:7216: gcc -c -g -O2 -Wall -fstack-protector -fPIE  conftest.c >&5
configure:7222: $? = 0
configure:7236: result: yes
configure:7240: checking sys/param.h presence
configure:7255: gcc -E  conftest.c
configure:7261: $? = 0
configure:7275: result: yes
configure:7308: checking for sys/param.h
configure:7316: result: yes
configure:7199: checking sys/socket.h usability
configure:7216: gcc -c -g -O2 -Wall -fstack-protector -fPIE  conftest.c >&5
configure:7222: $? = 0
configure:7236: result: yes
configure:7240: checking sys/socket.h presence
configure:7255: gcc -E  conftest.c
configure:7261: $? = 0
configure:7275: result: yes
configure:7308: checking for sys/socket.h
configure:7316: result: yes
configure:7199: checking sys/time.h usability
configure:7216: gcc -c -g -O2 -Wall -fstack-protector -fPIE  conftest.c >&5
configure:7222: $? = 0
configure:7236: result: yes
configure:7240: checking sys/time.h presence
configure:7255: gcc -E  conftest.c
configure:7261: $? = 0
configure:7275: result: yes
configure:7308: checking for sys/time.h
configure:7316: result: yes
configure:7199: checking syslog.h usability
configure:7216: gcc -c -g -O2 -Wall -fstack-protector -fPIE  conftest.c >&5
configure:7222: $? = 0
configure:7236: result: yes
configure:7240: checking syslog.h presence
configure:7255: gcc -E  conftest.c
configure:7261: $? = 0
configure:7275: result: yes
configure:7308: checking for syslog.h
configure:7316: result: yes
configure:7199: checking termios.h usability
configure:7216: gcc -c -g -O2 -Wall -fstack-protector -fPIE  conftest.c >&5
configure:7222: $? = 0
configure:7236: result: yes
configure:7240: checking termios.h presence
configure:7255: gcc -E  conftest.c
configure:7261: $? = 0
configure:7275: result: yes
configure:7308: checking for termios.h
configure:7316: result: yes
configure:7189: checking for unistd.h
configure:7195: result: yes
configure:7199: checking magic.h usability
configure:7216: gcc -c -g -O2 -Wall -fstack-protector -fPIE  conftest.c >&5
conftest.c:70:19: error: magic.h: No such file or directory
configure:7222: $? = 1
configure: failed program was:
| /* confdefs.h.  */
| #define PACKAGE_NAME "DOMjudge"
| #define PACKAGE_TARNAME "domjudge"
| #define PACKAGE_VERSION "3.1.3"
| #define PACKAGE_STRING "DOMjudge 3.1.3"
| #define PACKAGE_BUGREPORT "domjudge-devel@lists.A-Eskwadraat.nl"
| #define DOMJUDGE_VERSION "3.1.3"
| #define STDC_HEADERS 1
| #define HAVE_SYS_TYPES_H 1
| #define HAVE_SYS_STAT_H 1
| #define HAVE_STDLIB_H 1
| #define HAVE_STRING_H 1
| #define HAVE_MEMORY_H 1
| #define HAVE_STRINGS_H 1
| #define HAVE_INTTYPES_H 1
| #define HAVE_STDINT_H 1
| #define HAVE_UNISTD_H 1
| #define HAVE_CURL_CURL_H 1
| #define HAVE_BOOST
| #define HAVE_BOOST_REGEX
| #define HAVE_GMPXX_H 1
| #define STDC_HEADERS 1
| #define HAVE_SYS_WAIT_H 1
| #define HAVE_FCNTL_H 1
| #define HAVE_NETDB_H 1
| #define HAVE_NETINET_IN_H 1
| #define HAVE_STDLIB_H 1
| #define HAVE_STRING_H 1
| #define HAVE_SYS_IOCTL_H 1
| #define HAVE_SYS_PARAM_H 1
| #define HAVE_SYS_SOCKET_H 1
| #define HAVE_SYS_TIME_H 1
| #define HAVE_SYSLOG_H 1
| #define HAVE_TERMIOS_H 1
| #define HAVE_UNISTD_H 1
| /* end confdefs.h.  */
| #include <stdio.h>
| #ifdef HAVE_SYS_TYPES_H
| # include <sys/types.h>
| #endif
| #ifdef HAVE_SYS_STAT_H
| # include <sys/stat.h>
| #endif
| #ifdef STDC_HEADERS
| # include <stdlib.h>
| # include <stddef.h>
| #else
| # ifdef HAVE_STDLIB_H
| #  include <stdlib.h>
| # endif
| #endif
| #ifdef HAVE_STRING_H
| # if !defined STDC_HEADERS && defined HAVE_MEMORY_H
| #  include <memory.h>
| # endif
| # include <string.h>
| #endif
| #ifdef HAVE_STRINGS_H
| # include <strings.h>
| #endif
| #ifdef HAVE_INTTYPES_H
| # include <inttypes.h>
| #endif
| #ifdef HAVE_STDINT_H
| # include <stdint.h>
| #endif
| #ifdef HAVE_UNISTD_H
| # include <unistd.h>
| #endif
| #include <magic.h>
configure:7236: result: no
configure:7240: checking magic.h presence
configure:7255: gcc -E  conftest.c
conftest.c:37:19: error: magic.h: No such file or directory
configure:7261: $? = 1
configure: failed program was:
| /* confdefs.h.  */
| #define PACKAGE_NAME "DOMjudge"
| #define PACKAGE_TARNAME "domjudge"
| #define PACKAGE_VERSION "3.1.3"
| #define PACKAGE_STRING "DOMjudge 3.1.3"
| #define PACKAGE_BUGREPORT "domjudge-devel@lists.A-Eskwadraat.nl"
| #define DOMJUDGE_VERSION "3.1.3"
| #define STDC_HEADERS 1
| #define HAVE_SYS_TYPES_H 1
| #define HAVE_SYS_STAT_H 1
| #define HAVE_STDLIB_H 1
| #define HAVE_STRING_H 1
| #define HAVE_MEMORY_H 1
| #define HAVE_STRINGS_H 1
| #define HAVE_INTTYPES_H 1
| #define HAVE_STDINT_H 1
| #define HAVE_UNISTD_H 1
| #define HAVE_CURL_CURL_H 1
| #define HAVE_BOOST
| #define HAVE_BOOST_REGEX
| #define HAVE_GMPXX_H 1
| #define STDC_HEADERS 1
| #define HAVE_SYS_WAIT_H 1
| #define HAVE_FCNTL_H 1
| #define HAVE_NETDB_H 1
| #define HAVE_NETINET_IN_H 1
| #define HAVE_STDLIB_H 1
| #define HAVE_STRING_H 1
| #define HAVE_SYS_IOCTL_H 1
| #define HAVE_SYS_PARAM_H 1
| #define HAVE_SYS_SOCKET_H 1
| #define HAVE_SYS_TIME_H 1
| #define HAVE_SYSLOG_H 1
| #define HAVE_TERMIOS_H 1
| #define HAVE_UNISTD_H 1
| /* end confdefs.h.  */
| #include <magic.h>
configure:7275: result: no
configure:7308: checking for magic.h
configure:7316: result: no
configure:7331: checking for an ANSI C-conforming const
configure:7406: gcc -c -g -O2 -Wall -fstack-protector -fPIE  conftest.c >&5
conftest.c: In function 'main':
conftest.c:66: warning: 't' is used uninitialized in this function
conftest.c:82: warning: 'b' is used uninitialized in this function
conftest.c:45: warning: 'cs[0]' is used uninitialized in this function
configure:7412: $? = 0
configure:7427: result: yes
configure:7437: checking for pid_t
configure:7467: gcc -c -g -O2 -Wall -fstack-protector -fPIE  conftest.c >&5
configure:7473: $? = 0
configure:7488: result: yes
configure:7500: checking for size_t
configure:7530: gcc -c -g -O2 -Wall -fstack-protector -fPIE  conftest.c >&5
configure:7536: $? = 0
configure:7551: result: yes
configure:7563: checking for ssize_t
configure:7593: gcc -c -g -O2 -Wall -fstack-protector -fPIE  conftest.c >&5
configure:7599: $? = 0
configure:7614: result: yes
configure:7626: checking whether time.h and sys/time.h may both be included
configure:7656: gcc -c -g -O2 -Wall -fstack-protector -fPIE  conftest.c >&5
configure:7662: $? = 0
configure:7677: result: yes
configure:7687: checking for stdbool.h that conforms to C99
configure:7780: gcc -c -g -O2 -Wall -fstack-protector -fPIE  conftest.c >&5
conftest.c:65: warning: the address of 's' will always evaluate as 'true'
conftest.c: In function 'main':
conftest.c:107: warning: the address of 'a' will always evaluate as 'true'
conftest.c:107: warning: the address of 'b' will always evaluate as 'true'
conftest.c:107: warning: the address of 'c' will always evaluate as 'true'
conftest.c:107: warning: the address of 'd' will always evaluate as 'true'
conftest.c:107: warning: the address of 'f' will always evaluate as 'true'
conftest.c:107: warning: the address of 'g' will always evaluate as 'true'
conftest.c:107: warning: the address of 'h' will always evaluate as 'true'
conftest.c:107: warning: the address of 'i' will always evaluate as 'true'
conftest.c:108: warning: the address of 'n' will always evaluate as 'true'
conftest.c:108: warning: the address of 'o' will always evaluate as 'true'
conftest.c:108: warning: the address of 'p' will always evaluate as 'true'
configure:7786: $? = 0
configure:7801: result: yes
configure:7803: checking for _Bool
configure:7833: gcc -c -g -O2 -Wall -fstack-protector -fPIE  conftest.c >&5
configure:7839: $? = 0
configure:7854: result: yes
configure:7875: checking for error_at_line
configure:7901: gcc -o conftest -g -O2 -Wall -fstack-protector -fPIE   -pie conftest.c  >&5
configure:7907: $? = 0
configure:7924: result: yes
configure:7950: checking vfork.h usability
configure:7967: gcc -c -g -O2 -Wall -fstack-protector -fPIE  conftest.c >&5
conftest.c:73:19: error: vfork.h: No such file or directory
configure:7973: $? = 1
configure: failed program was:
| /* confdefs.h.  */
| #define PACKAGE_NAME "DOMjudge"
| #define PACKAGE_TARNAME "domjudge"
| #define PACKAGE_VERSION "3.1.3"
| #define PACKAGE_STRING "DOMjudge 3.1.3"
| #define PACKAGE_BUGREPORT "domjudge-devel@lists.A-Eskwadraat.nl"
| #define DOMJUDGE_VERSION "3.1.3"
| #define STDC_HEADERS 1
| #define HAVE_SYS_TYPES_H 1
| #define HAVE_SYS_STAT_H 1
| #define HAVE_STDLIB_H 1
| #define HAVE_STRING_H 1
| #define HAVE_MEMORY_H 1
| #define HAVE_STRINGS_H 1
| #define HAVE_INTTYPES_H 1
| #define HAVE_STDINT_H 1
| #define HAVE_UNISTD_H 1
| #define HAVE_CURL_CURL_H 1
| #define HAVE_BOOST
| #define HAVE_BOOST_REGEX
| #define HAVE_GMPXX_H 1
| #define STDC_HEADERS 1
| #define HAVE_SYS_WAIT_H 1
| #define HAVE_FCNTL_H 1
| #define HAVE_NETDB_H 1
| #define HAVE_NETINET_IN_H 1
| #define HAVE_STDLIB_H 1
| #define HAVE_STRING_H 1
| #define HAVE_SYS_IOCTL_H 1
| #define HAVE_SYS_PARAM_H 1
| #define HAVE_SYS_SOCKET_H 1
| #define HAVE_SYS_TIME_H 1
| #define HAVE_SYSLOG_H 1
| #define HAVE_TERMIOS_H 1
| #define HAVE_UNISTD_H 1
| #define TIME_WITH_SYS_TIME 1
| #define HAVE__BOOL 1
| #define HAVE_STDBOOL_H 1
| /* end confdefs.h.  */
| #include <stdio.h>
| #ifdef HAVE_SYS_TYPES_H
| # include <sys/types.h>
| #endif
| #ifdef HAVE_SYS_STAT_H
| # include <sys/stat.h>
| #endif
| #ifdef STDC_HEADERS
| # include <stdlib.h>
| # include <stddef.h>
| #else
| # ifdef HAVE_STDLIB_H
| #  include <stdlib.h>
| # endif
| #endif
| #ifdef HAVE_STRING_H
| # if !defined STDC_HEADERS && defined HAVE_MEMORY_H
| #  include <memory.h>
| # endif
| # include <string.h>
| #endif
| #ifdef HAVE_STRINGS_H
| # include <strings.h>
| #endif
| #ifdef HAVE_INTTYPES_H
| # include <inttypes.h>
| #endif
| #ifdef HAVE_STDINT_H
| # include <stdint.h>
| #endif
| #ifdef HAVE_UNISTD_H
| # include <unistd.h>
| #endif
| #include <vfork.h>
configure:7987: result: no
configure:7991: checking vfork.h presence
configure:8006: gcc -E  conftest.c
conftest.c:40:19: error: vfork.h: No such file or directory
configure:8012: $? = 1
configure: failed program was:
| /* confdefs.h.  */
| #define PACKAGE_NAME "DOMjudge"
| #define PACKAGE_TARNAME "domjudge"
| #define PACKAGE_VERSION "3.1.3"
| #define PACKAGE_STRING "DOMjudge 3.1.3"
| #define PACKAGE_BUGREPORT "domjudge-devel@lists.A-Eskwadraat.nl"
| #define DOMJUDGE_VERSION "3.1.3"
| #define STDC_HEADERS 1
| #define HAVE_SYS_TYPES_H 1
| #define HAVE_SYS_STAT_H 1
| #define HAVE_STDLIB_H 1
| #define HAVE_STRING_H 1
| #define HAVE_MEMORY_H 1
| #define HAVE_STRINGS_H 1
| #define HAVE_INTTYPES_H 1
| #define HAVE_STDINT_H 1
| #define HAVE_UNISTD_H 1
| #define HAVE_CURL_CURL_H 1
| #define HAVE_BOOST
| #define HAVE_BOOST_REGEX
| #define HAVE_GMPXX_H 1
| #define STDC_HEADERS 1
| #define HAVE_SYS_WAIT_H 1
| #define HAVE_FCNTL_H 1
| #define HAVE_NETDB_H 1
| #define HAVE_NETINET_IN_H 1
| #define HAVE_STDLIB_H 1
| #define HAVE_STRING_H 1
| #define HAVE_SYS_IOCTL_H 1
| #define HAVE_SYS_PARAM_H 1
| #define HAVE_SYS_SOCKET_H 1
| #define HAVE_SYS_TIME_H 1
| #define HAVE_SYSLOG_H 1
| #define HAVE_TERMIOS_H 1
| #define HAVE_UNISTD_H 1
| #define TIME_WITH_SYS_TIME 1
| #define HAVE__BOOL 1
| #define HAVE_STDBOOL_H 1
| /* end confdefs.h.  */
| #include <vfork.h>
configure:8026: result: no
configure:8059: checking for vfork.h
configure:8067: result: no
configure:8085: checking for fork
configure:8141: gcc -o conftest -g -O2 -Wall -fstack-protector -fPIE   -pie conftest.c  >&5
conftest.c:63: warning: conflicting types for built-in function 'fork'
configure:8147: $? = 0
configure:8165: result: yes
configure:8085: checking for vfork
configure:8141: gcc -o conftest -g -O2 -Wall -fstack-protector -fPIE   -pie conftest.c  >&5
configure:8147: $? = 0
configure:8165: result: yes
configure:8176: checking for working fork
configure:8208: gcc -o conftest -g -O2 -Wall -fstack-protector -fPIE   -pie conftest.c  >&5
configure:8211: $? = 0
configure:8217: ./conftest
configure:8220: $? = 0
configure:8236: result: yes
configure:8257: checking for working vfork
configure:8395: result: yes
configure:8427: checking whether gcc needs -traditional
configure:8469: result: no
configure:8481: checking for stdlib.h
configure:8487: result: yes
configure:8621: checking for GNU libc compatible malloc
configure:8655: gcc -o conftest -g -O2 -Wall -fstack-protector -fPIE   -pie conftest.c  >&5
configure:8658: $? = 0
configure:8664: ./conftest
configure:8667: $? = 0
configure:8683: result: yes
configure:8711: checking for function prototypes
configure:8714: result: yes
configure:8731: checking whether setvbuf arguments are reversed
configure:8761: gcc -o conftest -g -O2 -Wall -fstack-protector -fPIE   -pie conftest.c  >&5
conftest.c:50: error: conflicting types for 'setvbuf'
/usr/include/stdio.h:313: note: previous declaration of 'setvbuf' was here
configure:8767: $? = 1
configure: failed program was:
| /* confdefs.h.  */
| #define PACKAGE_NAME "DOMjudge"
| #define PACKAGE_TARNAME "domjudge"
| #define PACKAGE_VERSION "3.1.3"
| #define PACKAGE_STRING "DOMjudge 3.1.3"
| #define PACKAGE_BUGREPORT "domjudge-devel@lists.A-Eskwadraat.nl"
| #define DOMJUDGE_VERSION "3.1.3"
| #define STDC_HEADERS 1
| #define HAVE_SYS_TYPES_H 1
| #define HAVE_SYS_STAT_H 1
| #define HAVE_STDLIB_H 1
| #define HAVE_STRING_H 1
| #define HAVE_MEMORY_H 1
| #define HAVE_STRINGS_H 1
| #define HAVE_INTTYPES_H 1
| #define HAVE_STDINT_H 1
| #define HAVE_UNISTD_H 1
| #define HAVE_CURL_CURL_H 1
| #define HAVE_BOOST
| #define HAVE_BOOST_REGEX
| #define HAVE_GMPXX_H 1
| #define STDC_HEADERS 1
| #define HAVE_SYS_WAIT_H 1
| #define HAVE_FCNTL_H 1
| #define HAVE_NETDB_H 1
| #define HAVE_NETINET_IN_H 1
| #define HAVE_STDLIB_H 1
| #define HAVE_STRING_H 1
| #define HAVE_SYS_IOCTL_H 1
| #define HAVE_SYS_PARAM_H 1
| #define HAVE_SYS_SOCKET_H 1
| #define HAVE_SYS_TIME_H 1
| #define HAVE_SYSLOG_H 1
| #define HAVE_TERMIOS_H 1
| #define HAVE_UNISTD_H 1
| #define TIME_WITH_SYS_TIME 1
| #define HAVE__BOOL 1
| #define HAVE_STDBOOL_H 1
| #define HAVE_FORK 1
| #define HAVE_VFORK 1
| #define HAVE_WORKING_VFORK 1
| #define HAVE_WORKING_FORK 1
| #define HAVE_STDLIB_H 1
| #define HAVE_MALLOC 1
| #define PROTOTYPES 1
| #define __PROTOTYPES 1
| /* end confdefs.h.  */
| #include <stdio.h>
| #	  ifdef PROTOTYPES
| 	   int (setvbuf) (FILE *, int, char *, size_t);
| #	  endif
| int
| main ()
| {
| char buf; return setvbuf (stdout, _IOLBF, &buf, 1);
|   ;
|   return 0;
| }
configure:8888: result: no
configure:8898: checking return type of signal handlers
configure:8926: gcc -c -g -O2 -Wall -fstack-protector -fPIE  conftest.c >&5
conftest.c: In function 'main':
conftest.c:54: error: void value not ignored as it ought to be
configure:8932: $? = 1
configure: failed program was:
| /* confdefs.h.  */
| #define PACKAGE_NAME "DOMjudge"
| #define PACKAGE_TARNAME "domjudge"
| #define PACKAGE_VERSION "3.1.3"
| #define PACKAGE_STRING "DOMjudge 3.1.3"
| #define PACKAGE_BUGREPORT "domjudge-devel@lists.A-Eskwadraat.nl"
| #define DOMJUDGE_VERSION "3.1.3"
| #define STDC_HEADERS 1
| #define HAVE_SYS_TYPES_H 1
| #define HAVE_SYS_STAT_H 1
| #define HAVE_STDLIB_H 1
| #define HAVE_STRING_H 1
| #define HAVE_MEMORY_H 1
| #define HAVE_STRINGS_H 1
| #define HAVE_INTTYPES_H 1
| #define HAVE_STDINT_H 1
| #define HAVE_UNISTD_H 1
| #define HAVE_CURL_CURL_H 1
| #define HAVE_BOOST
| #define HAVE_BOOST_REGEX
| #define HAVE_GMPXX_H 1
| #define STDC_HEADERS 1
| #define HAVE_SYS_WAIT_H 1
| #define HAVE_FCNTL_H 1
| #define HAVE_NETDB_H 1
| #define HAVE_NETINET_IN_H 1
| #define HAVE_STDLIB_H 1
| #define HAVE_STRING_H 1
| #define HAVE_SYS_IOCTL_H 1
| #define HAVE_SYS_PARAM_H 1
| #define HAVE_SYS_SOCKET_H 1
| #define HAVE_SYS_TIME_H 1
| #define HAVE_SYSLOG_H 1
| #define HAVE_TERMIOS_H 1
| #define HAVE_UNISTD_H 1
| #define TIME_WITH_SYS_TIME 1
| #define HAVE__BOOL 1
| #define HAVE_STDBOOL_H 1
| #define HAVE_FORK 1
| #define HAVE_VFORK 1
| #define HAVE_WORKING_VFORK 1
| #define HAVE_WORKING_FORK 1
| #define HAVE_STDLIB_H 1
| #define HAVE_MALLOC 1
| #define PROTOTYPES 1
| #define __PROTOTYPES 1
| /* end confdefs.h.  */
| #include <sys/types.h>
| #include <signal.h>
| 
| int
| main ()
| {
| return *(signal (0, 0)) (0) == 1;
|   ;
|   return 0;
| }
configure:8947: result: void
configure:8955: checking whether lstat dereferences a symlink specified with a trailing slash
configure:8991: gcc -o conftest -g -O2 -Wall -fstack-protector -fPIE   -pie conftest.c  >&5
configure:8994: $? = 0
configure:9000: ./conftest
configure:9003: $? = 0
configure:9026: result: yes
configure:9045: checking whether stat accepts an empty string
configure:9075: gcc -o conftest -g -O2 -Wall -fstack-protector -fPIE   -pie conftest.c  >&5
configure:9078: $? = 0
configure:9084: ./conftest
configure:9087: $? = 0
configure:9103: result: no
configure:9123: checking for strftime
configure:9179: gcc -o conftest -g -O2 -Wall -fstack-protector -fPIE   -pie conftest.c  >&5
conftest.c:73: warning: conflicting types for built-in function 'strftime'
configure:9185: $? = 0
configure:9203: result: yes
configure:9288: checking for vprintf
configure:9344: gcc -o conftest -g -O2 -Wall -fstack-protector -fPIE   -pie conftest.c  >&5
conftest.c:74: warning: conflicting types for built-in function 'vprintf'
configure:9350: $? = 0
configure:9368: result: yes
configure:9375: checking for _doprnt
configure:9431: gcc -o conftest -g -O2 -Wall -fstack-protector -fPIE   -pie conftest.c  >&5
/tmp/ccdqXmfP.o: In function `main':
/home/domjudge-run/domjudge-3.1.3/conftest.c:86: undefined reference to `_doprnt'
collect2: ld returned 1 exit status
configure:9437: $? = 1
configure: failed program was:
| /* confdefs.h.  */
| #define PACKAGE_NAME "DOMjudge"
| #define PACKAGE_TARNAME "domjudge"
| #define PACKAGE_VERSION "3.1.3"
| #define PACKAGE_STRING "DOMjudge 3.1.3"
| #define PACKAGE_BUGREPORT "domjudge-devel@lists.A-Eskwadraat.nl"
| #define DOMJUDGE_VERSION "3.1.3"
| #define STDC_HEADERS 1
| #define HAVE_SYS_TYPES_H 1
| #define HAVE_SYS_STAT_H 1
| #define HAVE_STDLIB_H 1
| #define HAVE_STRING_H 1
| #define HAVE_MEMORY_H 1
| #define HAVE_STRINGS_H 1
| #define HAVE_INTTYPES_H 1
| #define HAVE_STDINT_H 1
| #define HAVE_UNISTD_H 1
| #define HAVE_CURL_CURL_H 1
| #define HAVE_BOOST
| #define HAVE_BOOST_REGEX
| #define HAVE_GMPXX_H 1
| #define STDC_HEADERS 1
| #define HAVE_SYS_WAIT_H 1
| #define HAVE_FCNTL_H 1
| #define HAVE_NETDB_H 1
| #define HAVE_NETINET_IN_H 1
| #define HAVE_STDLIB_H 1
| #define HAVE_STRING_H 1
| #define HAVE_SYS_IOCTL_H 1
| #define HAVE_SYS_PARAM_H 1
| #define HAVE_SYS_SOCKET_H 1
| #define HAVE_SYS_TIME_H 1
| #define HAVE_SYSLOG_H 1
| #define HAVE_TERMIOS_H 1
| #define HAVE_UNISTD_H 1
| #define TIME_WITH_SYS_TIME 1
| #define HAVE__BOOL 1
| #define HAVE_STDBOOL_H 1
| #define HAVE_FORK 1
| #define HAVE_VFORK 1
| #define HAVE_WORKING_VFORK 1
| #define HAVE_WORKING_FORK 1
| #define HAVE_STDLIB_H 1
| #define HAVE_MALLOC 1
| #define PROTOTYPES 1
| #define __PROTOTYPES 1
| #define RETSIGTYPE void
| #define LSTAT_FOLLOWS_SLASHED_SYMLINK 1
| #define HAVE_STRFTIME 1
| #define HAVE_VPRINTF 1
| /* end confdefs.h.  */
| /* Define _doprnt to an innocuous variant, in case <limits.h> declares _doprnt.
|    For example, HP-UX 11i <limits.h> declares gettimeofday.  */
| #define _doprnt innocuous__doprnt
| 
| /* System header to define __stub macros and hopefully few prototypes,
|     which can conflict with char _doprnt (); below.
|     Prefer <limits.h> to <assert.h> if __STDC__ is defined, since
|     <limits.h> exists even on freestanding compilers.  */
| 
| #ifdef __STDC__
| # include <limits.h>
| #else
| # include <assert.h>
| #endif
| 
| #undef _doprnt
| 
| /* Override any GCC internal prototype to avoid an error.
|    Use char because int might match the return type of a GCC
|    builtin and then its argument prototype would still apply.  */
| #ifdef __cplusplus
| extern "C"
| #endif
| char _doprnt ();
| /* The GNU C library defines this for functions which it implements
|     to always fail with ENOSYS.  Some functions are actually named
|     something starting with __ and the normal name is an alias.  */
| #if defined __stub__doprnt || defined __stub____doprnt
| choke me
| #endif
| 
| int
| main ()
| {
| return _doprnt ();
|   ;
|   return 0;
| }
configure:9454: result: no
configure:9487: checking for alarm
configure:9543: gcc -o conftest -g -O2 -Wall -fstack-protector -fPIE   -pie conftest.c  >&5
configure:9549: $? = 0
configure:9567: result: yes
configure:9487: checking for dup2
configure:9543: gcc -o conftest -g -O2 -Wall -fstack-protector -fPIE   -pie conftest.c  >&5
configure:9549: $? = 0
configure:9567: result: yes
configure:9487: checking for getcwd
configure:9543: gcc -o conftest -g -O2 -Wall -fstack-protector -fPIE   -pie conftest.c  >&5
configure:9549: $? = 0
configure:9567: result: yes
configure:9487: checking for gettimeofday
configure:9543: gcc -o conftest -g -O2 -Wall -fstack-protector -fPIE   -pie conftest.c  >&5
configure:9549: $? = 0
configure:9567: result: yes
configure:9487: checking for memset
configure:9543: gcc -o conftest -g -O2 -Wall -fstack-protector -fPIE   -pie conftest.c  >&5
conftest.c:79: warning: conflicting types for built-in function 'memset'
configure:9549: $? = 0
configure:9567: result: yes
configure:9487: checking for mkdir
configure:9543: gcc -o conftest -g -O2 -Wall -fstack-protector -fPIE   -pie conftest.c  >&5
configure:9549: $? = 0
configure:9567: result: yes
configure:9487: checking for realpath
configure:9543: gcc -o conftest -g -O2 -Wall -fstack-protector -fPIE   -pie conftest.c  >&5
configure:9549: $? = 0
configure:9567: result: yes
configure:9487: checking for setenv
configure:9543: gcc -o conftest -g -O2 -Wall -fstack-protector -fPIE   -pie conftest.c  >&5
configure:9549: $? = 0
configure:9567: result: yes
configure:9487: checking for socket
configure:9543: gcc -o conftest -g -O2 -Wall -fstack-protector -fPIE   -pie conftest.c  >&5
configure:9549: $? = 0
configure:9567: result: yes
configure:9487: checking for strchr
configure:9543: gcc -o conftest -g -O2 -Wall -fstack-protector -fPIE   -pie conftest.c  >&5
conftest.c:84: warning: conflicting types for built-in function 'strchr'
configure:9549: $? = 0
configure:9567: result: yes
configure:9487: checking for strdup
configure:9543: gcc -o conftest -g -O2 -Wall -fstack-protector -fPIE   -pie conftest.c  >&5
conftest.c:85: warning: conflicting types for built-in function 'strdup'
configure:9549: $? = 0
configure:9567: result: yes
configure:9487: checking for strerror
configure:9543: gcc -o conftest -g -O2 -Wall -fstack-protector -fPIE   -pie conftest.c  >&5
configure:9549: $? = 0
configure:9567: result: yes
configure:9487: checking for strncasecmp
configure:9543: gcc -o conftest -g -O2 -Wall -fstack-protector -fPIE   -pie conftest.c  >&5
conftest.c:87: warning: conflicting types for built-in function 'strncasecmp'
configure:9549: $? = 0
configure:9567: result: yes
configure:9487: checking for strrchr
configure:9543: gcc -o conftest -g -O2 -Wall -fstack-protector -fPIE   -pie conftest.c  >&5
conftest.c:88: warning: conflicting types for built-in function 'strrchr'
configure:9549: $? = 0
configure:9567: result: yes
configure:9487: checking for strstr
configure:9543: gcc -o conftest -g -O2 -Wall -fstack-protector -fPIE   -pie conftest.c  >&5
conftest.c:89: warning: conflicting types for built-in function 'strstr'
configure:9549: $? = 0
configure:9567: result: yes
configure:9487: checking for strtol
configure:9543: gcc -o conftest -g -O2 -Wall -fstack-protector -fPIE   -pie conftest.c  >&5
configure:9549: $? = 0
configure:9567: result: yes
configure:9680: creating ./config.status

## ---------------------- ##
## Running config.status. ##
## ---------------------- ##

This file was extended by DOMjudge config.status 3.1.3, which was
generated by GNU Autoconf 2.61.  Invocation command line was

  CONFIG_FILES    = 
  CONFIG_HEADERS  = 
  CONFIG_LINKS    = 
  CONFIG_COMMANDS = 
  $ ./config.status 

on domjudge1

config.status:637: creating paths.mk
config.status:637: creating etc/config.h
config.status:908: etc/config.h is unchanged

## ---------------- ##
## Cache variables. ##
## ---------------- ##

ac_cv_c_compiler_gnu=yes
ac_cv_c_const=yes
ac_cv_cxx_compiler_gnu=yes
ac_cv_env_CCC_set=
ac_cv_env_CCC_value=
ac_cv_env_CC_set=
ac_cv_env_CC_value=
ac_cv_env_CFLAGS_set=
ac_cv_env_CFLAGS_value=
ac_cv_env_CPPFLAGS_set=
ac_cv_env_CPPFLAGS_value=
ac_cv_env_CPP_set=
ac_cv_env_CPP_value=
ac_cv_env_CURL_CFLAGS_set=
ac_cv_env_CURL_CFLAGS_value=
ac_cv_env_CURL_CONFIG_set=
ac_cv_env_CURL_CONFIG_value=
ac_cv_env_CURL_LIBS_set=
ac_cv_env_CURL_LIBS_value=
ac_cv_env_CXXCPP_set=
ac_cv_env_CXXCPP_value=
ac_cv_env_CXXFLAGS_set=
ac_cv_env_CXXFLAGS_value=
ac_cv_env_CXX_set=
ac_cv_env_CXX_value=
ac_cv_env_LDFLAGS_set=
ac_cv_env_LDFLAGS_value=
ac_cv_env_LIBS_set=
ac_cv_env_LIBS_value=
ac_cv_env_build_alias_set=
ac_cv_env_build_alias_value=
ac_cv_env_host_alias_set=
ac_cv_env_host_alias_value=
ac_cv_env_target_alias_set=
ac_cv_env_target_alias_value=
ac_cv_func__doprnt=no
ac_cv_func_alarm=yes
ac_cv_func_dup2=yes
ac_cv_func_fork=yes
ac_cv_func_fork_works=yes
ac_cv_func_getcwd=yes
ac_cv_func_gettimeofday=yes
ac_cv_func_lstat_dereferences_slashed_symlink=yes
ac_cv_func_malloc_0_nonnull=yes
ac_cv_func_memset=yes
ac_cv_func_mkdir=yes
ac_cv_func_realpath=yes
ac_cv_func_setenv=yes
ac_cv_func_setvbuf_reversed=no
ac_cv_func_socket=yes
ac_cv_func_stat_empty_string_bug=no
ac_cv_func_strchr=yes
ac_cv_func_strdup=yes
ac_cv_func_strerror=yes
ac_cv_func_strftime=yes
ac_cv_func_strncasecmp=yes
ac_cv_func_strrchr=yes
ac_cv_func_strstr=yes
ac_cv_func_strtol=yes
ac_cv_func_vfork=yes
ac_cv_func_vfork_works=yes
ac_cv_func_vprintf=yes
ac_cv_header_curl_curl_h=yes
ac_cv_header_fcntl_h=yes
ac_cv_header_gmpxx_h=yes
ac_cv_header_inttypes_h=yes
ac_cv_header_magic_h=no
ac_cv_header_memory_h=yes
ac_cv_header_netdb_h=yes
ac_cv_header_netinet_in_h=yes
ac_cv_header_stdbool_h=yes
ac_cv_header_stdc=yes
ac_cv_header_stdint_h=yes
ac_cv_header_stdlib_h=yes
ac_cv_header_string_h=yes
ac_cv_header_strings_h=yes
ac_cv_header_sys_ioctl_h=yes
ac_cv_header_sys_param_h=yes
ac_cv_header_sys_socket_h=yes
ac_cv_header_sys_stat_h=yes
ac_cv_header_sys_time_h=yes
ac_cv_header_sys_types_h=yes
ac_cv_header_sys_wait_h=yes
ac_cv_header_syslog_h=yes
ac_cv_header_termios_h=yes
ac_cv_header_time=yes
ac_cv_header_unistd_h=yes
ac_cv_header_vfork_h=no
ac_cv_lib_boost_regex_mt___exit=yes
ac_cv_lib_error_at_line=yes
ac_cv_lib_gmpxx_abs=yes
ac_cv_lib_magic_magic_open=no
ac_cv_objext=o
ac_cv_path_CURL_CONFIG=/usr/bin/curl-config
ac_cv_path_EGREP='/bin/grep -E'
ac_cv_path_GREP=/bin/grep
ac_cv_path_SED=/bin/sed
ac_cv_prog_AWK=mawk
ac_cv_prog_CPP='gcc -E'
ac_cv_prog_CXXCPP='g++ -E'
ac_cv_prog_HTPASSWD=htpasswd
ac_cv_prog_ac_ct_CC=gcc
ac_cv_prog_ac_ct_CXX=g++
ac_cv_prog_cc_c89=
ac_cv_prog_cc_g=yes
ac_cv_prog_cxx_g=yes
ac_cv_prog_gcc_traditional=no
ac_cv_prog_make_make_set=yes
ac_cv_type__Bool=yes
ac_cv_type_pid_t=yes
ac_cv_type_signal=void
ac_cv_type_size_t=yes
ac_cv_type_ssize_t=yes
ax_cv_boost_regex=yes
ax_cv_c_flags__Wall=yes
ax_cv_c_flags__fPIE=yes
ax_cv_c_flags__fstack_protector=yes

## ----------------- ##
## Output variables. ##
## ----------------- ##

AWK='mawk'
BOOST_CPPFLAGS='-I/usr/include'
BOOST_LDFLAGS='-L/usr/lib64'
BOOST_REGEX_LIB='-lboost_regex-mt'
CC='gcc'
CFLAGS='-g -O2 -Wall -fstack-protector -fPIE'
CHROOTDIR='/home/domjudge-run//domjudge/judgehost/judgings'
CPP='gcc -E'
CPPFLAGS=''
CURL_CFLAGS=''
CURL_CONFIG='/usr/bin/curl-config'
CURL_LIBS='-lcurl'
CURL_STATIC='/usr/lib/libcurl.a -lidn -llber -lldap -lrt -lgssapi_krb5 -lz -lgnutls -lgcrypt'
CXX='g++'
CXXCPP='g++ -E'
CXXFLAGS='-g -O2 -Wall -fstack-protector -fPIE'
DEFS='-DHAVE_CONFIG_H'
DOMJUDGE_USER='root'
DOMJUDGE_VERSION='3.1.3'
ECHO_C=''
ECHO_N='-n'
ECHO_T=''
EGREP='/bin/grep -E'
EXEEXT=''
GREP='/bin/grep'
HTPASSWD='htpasswd'
LDFLAGS=' -pie'
LIBGMPXX='-lgmp -lgmpxx'
LIBMAGIC=''
LIBOBJS=''
LIBS=''
LN_S='ln -s'
LTLIBOBJS=''
OBJEXT='o'
PACKAGE_BUGREPORT='domjudge-devel@lists.A-Eskwadraat.nl'
PACKAGE_NAME='DOMjudge'
PACKAGE_STRING='DOMjudge 3.1.3'
PACKAGE_TARNAME='domjudge'
PACKAGE_VERSION='3.1.3'
PATH_SEPARATOR=':'
RUNUSER='domjudge-run'
SED='/bin/sed'
SET_MAKE=''
SHELL='/bin/bash'
SUBMIT_DEFAULT='2'
SUBMIT_ENABLE_CMD='0'
SUBMIT_ENABLE_WEB='1'
WEBSERVER_GROUP='www-data'
ac_ct_CC='gcc'
ac_ct_CXX='g++'
bindir='${exec_prefix}/bin'
build_alias=''
datadir='${datarootdir}'
datarootdir='${prefix}/share'
docdir='${datarootdir}/doc/${PACKAGE_TARNAME}'
domjudge_docdir='/home/domjudge-run//domjudge/doc'
domserver_bindir='/home/domjudge-run//domjudge/domserver/bin'
domserver_etcdir='/home/domjudge-run//domjudge/domserver/etc'
domserver_libdir='/home/domjudge-run//domjudge/domserver/lib'
domserver_libsubmitdir='/home/domjudge-run//domjudge/domserver/lib/submit'
domserver_libwwwdir='/home/domjudge-run//domjudge/domserver/lib/www'
domserver_logdir='/home/domjudge-run//domjudge/domserver/log'
domserver_root='/home/domjudge-run//domjudge/domserver'
domserver_sqldir='/home/domjudge-run//domjudge/domserver/sql'
domserver_submitdir='/home/domjudge-run//domjudge/domserver/submissions'
domserver_tmpdir='/home/domjudge-run//domjudge/domserver/tmp'
domserver_wwwdir='/home/domjudge-run//domjudge/domserver/www'
dvidir='${docdir}'
exec_prefix='${prefix}'
fhs_enabled=''
host_alias=''
htmldir='${docdir}'
includedir='${prefix}/include'
infodir='${datarootdir}/info'
judgehost_bindir='/home/domjudge-run//domjudge/judgehost/bin'
judgehost_chrootdir='/home/domjudge-run//domjudge/judgehost/judgings'
judgehost_etcdir='/home/domjudge-run//domjudge/judgehost/etc'
judgehost_judgedir='/home/domjudge-run//domjudge/judgehost/judgings'
judgehost_libdir='/home/domjudge-run//domjudge/judgehost/lib'
judgehost_libjudgedir='/home/domjudge-run//domjudge/judgehost/lib/judge'
judgehost_logdir='/home/domjudge-run//domjudge/judgehost/log'
judgehost_root='/home/domjudge-run//domjudge/judgehost'
judgehost_tmpdir='/home/domjudge-run//domjudge/judgehost/tmp'
libdir='${exec_prefix}/lib'
libexecdir='${exec_prefix}/libexec'
localedir='${datarootdir}/locale'
localstatedir='${prefix}/var'
mandir='${datarootdir}/man'
oldincludedir='/usr/include'
pdfdir='${docdir}'
prefix='/home/domjudge-run//domjudge'
program_transform_name='s,x,x,'
psdir='${docdir}'
sbindir='${exec_prefix}/sbin'
sharedstatedir='${prefix}/com'
sysconfdir='${prefix}/etc'
target_alias=''

## ----------- ##
## confdefs.h. ##
## ----------- ##

#define PACKAGE_NAME "DOMjudge"
#define PACKAGE_TARNAME "domjudge"
#define PACKAGE_VERSION "3.1.3"
#define PACKAGE_STRING "DOMjudge 3.1.3"
#define PACKAGE_BUGREPORT "domjudge-devel@lists.A-Eskwadraat.nl"
#define DOMJUDGE_VERSION "3.1.3"
#define STDC_HEADERS 1
#define HAVE_SYS_TYPES_H 1
#define HAVE_SYS_STAT_H 1
#define HAVE_STDLIB_H 1
#define HAVE_STRING_H 1
#define HAVE_MEMORY_H 1
#define HAVE_STRINGS_H 1
#define HAVE_INTTYPES_H 1
#define HAVE_STDINT_H 1
#define HAVE_UNISTD_H 1
#define HAVE_CURL_CURL_H 1
#define HAVE_BOOST
#define HAVE_BOOST_REGEX
#define HAVE_GMPXX_H 1
#define STDC_HEADERS 1
#define HAVE_SYS_WAIT_H 1
#define HAVE_FCNTL_H 1
#define HAVE_NETDB_H 1
#define HAVE_NETINET_IN_H 1
#define HAVE_STDLIB_H 1
#define HAVE_STRING_H 1
#define HAVE_SYS_IOCTL_H 1
#define HAVE_SYS_PARAM_H 1
#define HAVE_SYS_SOCKET_H 1
#define HAVE_SYS_TIME_H 1
#define HAVE_SYSLOG_H 1
#define HAVE_TERMIOS_H 1
#define HAVE_UNISTD_H 1
#define TIME_WITH_SYS_TIME 1
#define HAVE__BOOL 1
#define HAVE_STDBOOL_H 1
#define HAVE_FORK 1
#define HAVE_VFORK 1
#define HAVE_WORKING_VFORK 1
#define HAVE_WORKING_FORK 1
#define HAVE_STDLIB_H 1
#define HAVE_MALLOC 1
#define PROTOTYPES 1
#define __PROTOTYPES 1
#define RETSIGTYPE void
#define LSTAT_FOLLOWS_SLASHED_SYMLINK 1
#define HAVE_STRFTIME 1
#define HAVE_VPRINTF 1
#define HAVE_ALARM 1
#define HAVE_DUP2 1
#define HAVE_GETCWD 1
#define HAVE_GETTIMEOFDAY 1
#define HAVE_MEMSET 1
#define HAVE_MKDIR 1
#define HAVE_REALPATH 1
#define HAVE_SETENV 1
#define HAVE_SOCKET 1
#define HAVE_STRCHR 1
#define HAVE_STRDUP 1
#define HAVE_STRERROR 1
#define HAVE_STRNCASECMP 1
#define HAVE_STRRCHR 1
#define HAVE_STRSTR 1
#define HAVE_STRTOL 1

configure: exit 0
